2025-01-16 01:08:36 INFO            _                _                      
2025-01-16 01:08:36 INFO           / \   ___ ___ ___| | ___ _ __ __ _ _   _ 
2025-01-16 01:08:36 INFO          / _ \ / __/ __/ _ \ |/ _ \ '__/ _` | | | |
2025-01-16 01:08:36 INFO         / ___ \ (_| (_|  __/ |  __/ | | (_| | |_| |
2025-01-16 01:08:36 INFO        /_/   \_\___\___\___|_|\___|_|  \__, |\__, |
2025-01-16 01:08:36 INFO                                        |___/ |___/ 
2025-01-16 01:08:36 INFO        generating outputs according to the following specified output flags... 
2025-01-16 01:08:36 INFO         Please use the -f flag to update the preference (default to all output files)
2025-01-16 01:08:36 INFO        {'ERT': 1, 'ERT_summary': 1, 'ART': 1, 'ART_summary': 1, 'energy_estimation': 1, 'flattened_arch': 1}
2025-01-16 01:08:36 INFO        Located config file at /home/workspace/.config/accelergy/accelergy_config.yaml.
2025-01-16 01:08:36 INFO        config file located:
2025-01-16 01:08:36 INFO        /home/workspace/.config/accelergy/accelergy_config.yaml
2025-01-16 01:08:36 INFO        Parsing file /home/workspace/lab1/timeloop_output/parsed-processed-input.yaml for architecture info
2025-01-16 01:08:36 INFO        Parsing file /home/workspace/lab1/timeloop_output/parsed-processed-input.yaml for compound_components info
2025-01-16 01:08:36 INFO        Adding required action "read" to class DRAM
2025-01-16 01:08:36 INFO        Adding required action "leak" to class DRAM
2025-01-16 01:08:36 INFO        Adding required action "update" to class DRAM
2025-01-16 01:08:36 INFO        Adding required action "write" to class DRAM
2025-01-16 01:08:36 INFO        Adding required action "read" to class SRAM
2025-01-16 01:08:36 INFO        Adding required action "leak" to class SRAM
2025-01-16 01:08:36 INFO        Adding required action "update" to class SRAM
2025-01-16 01:08:36 INFO        Adding required action "write" to class SRAM
2025-01-16 01:08:36 INFO        Estimator plug-in identified by: /usr/local/share/accelergy/estimation_plug_ins/accelergy-neurosim-plugin/neurosim.estimator.yaml
2025-01-16 01:08:36 INFO        Estimator plug-in identified by: /usr/local/share/accelergy/estimation_plug_ins/accelergy-cacti-plug-in/cacti.estimator.yaml
2025-01-16 01:08:36 INFO        Estimator plug-in identified by: /usr/local/share/accelergy/estimation_plug_ins/dummy_tables/dummy.estimator.yaml
2025-01-16 01:08:36 INFO        Estimator plug-in identified by: /usr/local/share/accelergy/estimation_plug_ins/accelergy-adc-plug-in/adc.estimator.yaml
2025-01-16 01:08:36 INFO        Estimator plug-in identified by: /usr/local/share/accelergy/estimation_plug_ins/accelergy-aladdin-plug-in/aladdin.estimator.yaml
2025-01-16 01:08:36 INFO        Estimator plug-in identified by: /usr/local/share/accelergy/estimation_plug_ins/accelergy-table-based-plug-ins/table.estimator.yaml
2025-01-16 01:08:36 INFO        Estimator plug-in identified by: /usr/local/share/accelergy/estimation_plug_ins/accelergy-library-plugin/library.estimator.yaml
2025-01-16 01:08:36 INFO        Getting all estimators in module <module 'python_plug_in' from '/usr/local/share/accelergy/estimation_plug_ins/accelergy-cacti-plug-in/cacti_wrapper.py'>
2025-01-16 01:08:36 INFO        Added estimator CactiCache that estimates cache with actions idle, read, read_access, update, update_access, write, write_access, leak
2025-01-16 01:08:36 INFO        Added estimator CactiDRAM that estimates ['DRAM', 'dram'] with actions idle, read, update, write, leak
2025-01-16 01:08:36 INFO        Added estimator CactiSRAM that estimates ['SRAM', 'sram'] with actions idle, read, update, write, leak
2025-01-16 01:08:36 INFO        Found estimator plug-in: Neurosim Plug-In (<NeuroWrapper.NeuroWrapper object at 0x7f4f67e94ca0>)
2025-01-16 01:08:36 INFO        Found estimator plug-in: dummy (<DummyTable.DummyTable object at 0x7f4f67db0c10>)
2025-01-16 01:08:36 INFO        Found estimator plug-in: ADC Plug-In (<ADCEstimator.ADCEstimator object at 0x7f4f67e74f40>)
2025-01-16 01:08:36 INFO        Found estimator plug-in: Aladdin_table (<AladdinTable.AladdinTable object at 0x7f4f67e83700>)
2025-01-16 01:08:36 INFO        Found estimator plug-in: DEPRECATED table-based-plug-ins. Use the Library plug-in instead. (<SetsOfTables.SetsOfTables object at 0x7f4f67d6f5b0>)
2025-01-16 01:08:36 INFO        Found estimator plug-in: Library (<LibraryEstimator.LibraryEstimator object at 0x7f4f67d6fee0>)
2025-01-16 01:08:36 INFO        Found estimator plug-in: CactiCache (<accelergy.plug_in_interface.estimator_wrapper.EstimatorWrapper object at 0x7f4f67d8a670>)
2025-01-16 01:08:36 INFO        Found estimator plug-in: CactiDRAM (<accelergy.plug_in_interface.estimator_wrapper.EstimatorWrapper object at 0x7f4f67d98ca0>)
2025-01-16 01:08:36 INFO        Found estimator plug-in: CactiSRAM (<accelergy.plug_in_interface.estimator_wrapper.EstimatorWrapper object at 0x7f4f67d8a070>)
2025-01-16 01:08:36 INFO        Calculated storage."technology" as "technology" = 45nm.
2025-01-16 01:08:36 INFO        Calculated storage."latency" as "global_cycle_seconds" = 1e-09.
2025-01-16 01:08:36 INFO        Calculated storage."depth" as "depth" = 18.
2025-01-16 01:08:36 INFO        Calculated storage."width" as "width" = 16.
2025-01-16 01:08:36 INFO        Calculated storage."technology" as "technology" = 45nm.
2025-01-16 01:08:36 INFO        Calculated storage."latency" as "global_cycle_seconds" = 1e-09.
2025-01-16 01:08:36 INFO        Calculated storage."width" as "width" = 16.
2025-01-16 01:08:36 INFO        Calculated storage."technology" as "technology" = 45nm.
2025-01-16 01:08:36 INFO        Calculated storage."latency" as "global_cycle_seconds" = 1e-09.
2025-01-16 01:08:36 INFO        Calculated storage."width" as "width" = 16.
2025-01-16 01:08:36 INFO        Calculated storage."technology" as "technology" = 45nm.
2025-01-16 01:08:36 INFO        Calculated storage."latency" as "global_cycle_seconds" = 1e-09.
2025-01-16 01:08:36 INFO        Calculated storage."width" as "width" = 16.
2025-01-16 01:08:36 INFO        Calculated compute_unit."technology" as "technology" = 45nm.
2025-01-16 01:08:36 INFO        Calculated compute_unit."latency" as "global_cycle_seconds" = 1e-09.
2025-01-16 01:08:36 INFO        Calculated compute_unit."width" as "datawidth" = 16.
2025-01-16 01:08:36 INFO        
2025-01-16 01:08:36 INFO        ENERGY ESTIMATION for DRAM(width=64, datawidth=16, depth=999999, has_power_gating=False, n_banks=2, cluster_size=1, reduction_supported=True, multiple_buffering=1, min_utilization=0, allow_overbooking=False, meshX=1, meshY=1, technology=45nm, global_cycle_seconds=1e-09, version=0.4, action_latency_cycles=1, cycle_seconds=1e-09, n_instances=1).read(global_cycle_seconds=1e-09, action_latency_cycles=1)
2025-01-16 01:08:36 INFO        CactiDRAM estimated 5.12e-10 with accuracy 80%. Messages:
2025-01-16 01:08:36 INFO        | Unused arguments (datawidth, depth, has_power_gating, n_banks, cluster_size, reduction_supported, multiple_buffering, min_utilization, allow_overbooking, meshX, meshY, technology, global_cycle_seconds, version, action_latency_cycles, cycle_seconds, n_instances) provided for ['DRAM', 'dram'].__init__. Arguments used: (width)
2025-01-16 01:08:36 INFO        | Unused arguments (global_cycle_seconds, action_latency_cycles) provided for ['DRAM', 'dram'].read. Arguments used: ()
2025-01-16 01:08:36 INFO        
2025-01-16 01:08:36 INFO        ENERGY ESTIMATION for DRAM(width=64, datawidth=16, depth=999999, has_power_gating=False, n_banks=2, cluster_size=1, reduction_supported=True, multiple_buffering=1, min_utilization=0, allow_overbooking=False, meshX=1, meshY=1, technology=45nm, global_cycle_seconds=1e-09, version=0.4, action_latency_cycles=1, cycle_seconds=1e-09, n_instances=1).leak(global_cycle_seconds=1e-09, action_latency_cycles=1)
2025-01-16 01:08:36 INFO        CactiDRAM estimated 0 with accuracy 80%. Messages:
2025-01-16 01:08:36 INFO        | Unused arguments (datawidth, depth, has_power_gating, n_banks, cluster_size, reduction_supported, multiple_buffering, min_utilization, allow_overbooking, meshX, meshY, technology, global_cycle_seconds, version, action_latency_cycles, cycle_seconds, n_instances) provided for ['DRAM', 'dram'].__init__. Arguments used: (width)
2025-01-16 01:08:36 INFO        | Unused arguments (action_latency_cycles) provided for ['DRAM', 'dram'].leak. Arguments used: (global_cycle_seconds)
2025-01-16 01:08:36 INFO        | Multiplying by n_instances 1
2025-01-16 01:08:36 INFO        
2025-01-16 01:08:36 INFO        ENERGY ESTIMATION for DRAM(width=64, datawidth=16, depth=999999, has_power_gating=False, n_banks=2, cluster_size=1, reduction_supported=True, multiple_buffering=1, min_utilization=0, allow_overbooking=False, meshX=1, meshY=1, technology=45nm, global_cycle_seconds=1e-09, version=0.4, action_latency_cycles=1, cycle_seconds=1e-09, n_instances=1).update(global_cycle_seconds=1e-09, action_latency_cycles=1)
2025-01-16 01:08:36 INFO        CactiDRAM estimated 5.12e-10 with accuracy 80%. Messages:
2025-01-16 01:08:36 INFO        | Unused arguments (datawidth, depth, has_power_gating, n_banks, cluster_size, reduction_supported, multiple_buffering, min_utilization, allow_overbooking, meshX, meshY, technology, global_cycle_seconds, version, action_latency_cycles, cycle_seconds, n_instances) provided for ['DRAM', 'dram'].__init__. Arguments used: (width)
2025-01-16 01:08:36 INFO        | Unused arguments (global_cycle_seconds, action_latency_cycles) provided for ['DRAM', 'dram'].update. Arguments used: ()
2025-01-16 01:08:36 INFO        
2025-01-16 01:08:36 INFO        ENERGY ESTIMATION for DRAM(width=64, datawidth=16, depth=999999, has_power_gating=False, n_banks=2, cluster_size=1, reduction_supported=True, multiple_buffering=1, min_utilization=0, allow_overbooking=False, meshX=1, meshY=1, technology=45nm, global_cycle_seconds=1e-09, version=0.4, action_latency_cycles=1, cycle_seconds=1e-09, n_instances=1).write(global_cycle_seconds=1e-09, action_latency_cycles=1)
2025-01-16 01:08:36 INFO        CactiDRAM estimated 5.12e-10 with accuracy 80%. Messages:
2025-01-16 01:08:36 INFO        | Unused arguments (datawidth, depth, has_power_gating, n_banks, cluster_size, reduction_supported, multiple_buffering, min_utilization, allow_overbooking, meshX, meshY, technology, global_cycle_seconds, version, action_latency_cycles, cycle_seconds, n_instances) provided for ['DRAM', 'dram'].__init__. Arguments used: (width)
2025-01-16 01:08:36 INFO        | Unused arguments (global_cycle_seconds, action_latency_cycles) provided for ['DRAM', 'dram'].write. Arguments used: ()
2025-01-16 01:08:36 INFO        
2025-01-16 01:08:36 INFO        ENERGY ESTIMATION for DRAM(width=64, datawidth=16, depth=999999, has_power_gating=False, n_banks=2, cluster_size=1, reduction_supported=True, multiple_buffering=1, min_utilization=0, allow_overbooking=False, meshX=1, meshY=1, technology=45nm, global_cycle_seconds=1e-09, version=0.4, action_latency_cycles=1, cycle_seconds=1e-09, n_instances=1).read(global_cycle_seconds=1e-09, action_latency_cycles=1)
2025-01-16 01:08:36 INFO        CactiDRAM estimated 5.12e-10 with accuracy 80%. Messages:
2025-01-16 01:08:36 INFO        | Unused arguments (datawidth, depth, has_power_gating, n_banks, cluster_size, reduction_supported, multiple_buffering, min_utilization, allow_overbooking, meshX, meshY, technology, global_cycle_seconds, version, action_latency_cycles, cycle_seconds, n_instances) provided for ['DRAM', 'dram'].__init__. Arguments used: (width)
2025-01-16 01:08:36 INFO        | Unused arguments (global_cycle_seconds, action_latency_cycles) provided for ['DRAM', 'dram'].read. Arguments used: ()
2025-01-16 01:08:36 INFO        
2025-01-16 01:08:36 INFO        ENERGY ESTIMATION for DRAM(width=64, datawidth=16, depth=999999, has_power_gating=False, n_banks=2, cluster_size=1, reduction_supported=True, multiple_buffering=1, min_utilization=0, allow_overbooking=False, meshX=1, meshY=1, technology=45nm, global_cycle_seconds=1e-09, version=0.4, action_latency_cycles=1, cycle_seconds=1e-09, n_instances=1).leak(global_cycle_seconds=1e-09, action_latency_cycles=1)
2025-01-16 01:08:36 INFO        CactiDRAM estimated 0 with accuracy 80%. Messages:
2025-01-16 01:08:36 INFO        | Unused arguments (datawidth, depth, has_power_gating, n_banks, cluster_size, reduction_supported, multiple_buffering, min_utilization, allow_overbooking, meshX, meshY, technology, global_cycle_seconds, version, action_latency_cycles, cycle_seconds, n_instances) provided for ['DRAM', 'dram'].__init__. Arguments used: (width)
2025-01-16 01:08:36 INFO        | Unused arguments (action_latency_cycles) provided for ['DRAM', 'dram'].leak. Arguments used: (global_cycle_seconds)
2025-01-16 01:08:36 INFO        | Multiplying by n_instances 1
2025-01-16 01:08:36 INFO        
2025-01-16 01:08:36 INFO        ENERGY ESTIMATION for DRAM(width=64, datawidth=16, depth=999999, has_power_gating=False, n_banks=2, cluster_size=1, reduction_supported=True, multiple_buffering=1, min_utilization=0, allow_overbooking=False, meshX=1, meshY=1, technology=45nm, global_cycle_seconds=1e-09, version=0.4, action_latency_cycles=1, cycle_seconds=1e-09, n_instances=1).update(global_cycle_seconds=1e-09, action_latency_cycles=1)
2025-01-16 01:08:36 INFO        CactiDRAM estimated 5.12e-10 with accuracy 80%. Messages:
2025-01-16 01:08:36 INFO        | Unused arguments (datawidth, depth, has_power_gating, n_banks, cluster_size, reduction_supported, multiple_buffering, min_utilization, allow_overbooking, meshX, meshY, technology, global_cycle_seconds, version, action_latency_cycles, cycle_seconds, n_instances) provided for ['DRAM', 'dram'].__init__. Arguments used: (width)
2025-01-16 01:08:36 INFO        | Unused arguments (global_cycle_seconds, action_latency_cycles) provided for ['DRAM', 'dram'].update. Arguments used: ()
2025-01-16 01:08:36 INFO        
2025-01-16 01:08:36 INFO        ENERGY ESTIMATION for DRAM(width=64, datawidth=16, depth=999999, has_power_gating=False, n_banks=2, cluster_size=1, reduction_supported=True, multiple_buffering=1, min_utilization=0, allow_overbooking=False, meshX=1, meshY=1, technology=45nm, global_cycle_seconds=1e-09, version=0.4, action_latency_cycles=1, cycle_seconds=1e-09, n_instances=1).write(global_cycle_seconds=1e-09, action_latency_cycles=1)
2025-01-16 01:08:36 INFO        CactiDRAM estimated 5.12e-10 with accuracy 80%. Messages:
2025-01-16 01:08:36 INFO        | Unused arguments (datawidth, depth, has_power_gating, n_banks, cluster_size, reduction_supported, multiple_buffering, min_utilization, allow_overbooking, meshX, meshY, technology, global_cycle_seconds, version, action_latency_cycles, cycle_seconds, n_instances) provided for ['DRAM', 'dram'].__init__. Arguments used: (width)
2025-01-16 01:08:36 INFO        | Unused arguments (global_cycle_seconds, action_latency_cycles) provided for ['DRAM', 'dram'].write. Arguments used: ()
2025-01-16 01:08:36 INFO        
2025-01-16 01:08:36 INFO        ENERGY ESTIMATION for DRAM(width=64, datawidth=16, depth=999999, has_power_gating=False, n_banks=2, cluster_size=1, reduction_supported=True, multiple_buffering=1, min_utilization=0, allow_overbooking=False, meshX=1, meshY=1, technology=45nm, global_cycle_seconds=1e-09, version=0.4, action_latency_cycles=1, cycle_seconds=1e-09, n_instances=1).read(global_cycle_seconds=1e-09, action_latency_cycles=1)
2025-01-16 01:08:36 INFO        CactiDRAM estimated 5.12e-10 with accuracy 80%. Messages:
2025-01-16 01:08:36 INFO        | Unused arguments (datawidth, depth, has_power_gating, n_banks, cluster_size, reduction_supported, multiple_buffering, min_utilization, allow_overbooking, meshX, meshY, technology, global_cycle_seconds, version, action_latency_cycles, cycle_seconds, n_instances) provided for ['DRAM', 'dram'].__init__. Arguments used: (width)
2025-01-16 01:08:36 INFO        | Unused arguments (global_cycle_seconds, action_latency_cycles) provided for ['DRAM', 'dram'].read. Arguments used: ()
2025-01-16 01:08:36 INFO        
2025-01-16 01:08:36 INFO        ENERGY ESTIMATION for DRAM(width=64, datawidth=16, depth=999999, has_power_gating=False, n_banks=2, cluster_size=1, reduction_supported=True, multiple_buffering=1, min_utilization=0, allow_overbooking=False, meshX=1, meshY=1, technology=45nm, global_cycle_seconds=1e-09, version=0.4, action_latency_cycles=1, cycle_seconds=1e-09, n_instances=1).leak(global_cycle_seconds=1e-09, action_latency_cycles=1)
2025-01-16 01:08:36 INFO        CactiDRAM estimated 0 with accuracy 80%. Messages:
2025-01-16 01:08:36 INFO        | Unused arguments (datawidth, depth, has_power_gating, n_banks, cluster_size, reduction_supported, multiple_buffering, min_utilization, allow_overbooking, meshX, meshY, technology, global_cycle_seconds, version, action_latency_cycles, cycle_seconds, n_instances) provided for ['DRAM', 'dram'].__init__. Arguments used: (width)
2025-01-16 01:08:36 INFO        | Unused arguments (action_latency_cycles) provided for ['DRAM', 'dram'].leak. Arguments used: (global_cycle_seconds)
2025-01-16 01:08:36 INFO        | Multiplying by n_instances 1
2025-01-16 01:08:36 INFO        
2025-01-16 01:08:36 INFO        ENERGY ESTIMATION for DRAM(width=64, datawidth=16, depth=999999, has_power_gating=False, n_banks=2, cluster_size=1, reduction_supported=True, multiple_buffering=1, min_utilization=0, allow_overbooking=False, meshX=1, meshY=1, technology=45nm, global_cycle_seconds=1e-09, version=0.4, action_latency_cycles=1, cycle_seconds=1e-09, n_instances=1).update(global_cycle_seconds=1e-09, action_latency_cycles=1)
2025-01-16 01:08:36 INFO        CactiDRAM estimated 5.12e-10 with accuracy 80%. Messages:
2025-01-16 01:08:36 INFO        | Unused arguments (datawidth, depth, has_power_gating, n_banks, cluster_size, reduction_supported, multiple_buffering, min_utilization, allow_overbooking, meshX, meshY, technology, global_cycle_seconds, version, action_latency_cycles, cycle_seconds, n_instances) provided for ['DRAM', 'dram'].__init__. Arguments used: (width)
2025-01-16 01:08:36 INFO        | Unused arguments (global_cycle_seconds, action_latency_cycles) provided for ['DRAM', 'dram'].update. Arguments used: ()
2025-01-16 01:08:36 INFO        
2025-01-16 01:08:36 INFO        ENERGY ESTIMATION for DRAM(width=64, datawidth=16, depth=999999, has_power_gating=False, n_banks=2, cluster_size=1, reduction_supported=True, multiple_buffering=1, min_utilization=0, allow_overbooking=False, meshX=1, meshY=1, technology=45nm, global_cycle_seconds=1e-09, version=0.4, action_latency_cycles=1, cycle_seconds=1e-09, n_instances=1).write(global_cycle_seconds=1e-09, action_latency_cycles=1)
2025-01-16 01:08:36 INFO        CactiDRAM estimated 5.12e-10 with accuracy 80%. Messages:
2025-01-16 01:08:36 INFO        | Unused arguments (datawidth, depth, has_power_gating, n_banks, cluster_size, reduction_supported, multiple_buffering, min_utilization, allow_overbooking, meshX, meshY, technology, global_cycle_seconds, version, action_latency_cycles, cycle_seconds, n_instances) provided for ['DRAM', 'dram'].__init__. Arguments used: (width)
2025-01-16 01:08:36 INFO        | Unused arguments (global_cycle_seconds, action_latency_cycles) provided for ['DRAM', 'dram'].write. Arguments used: ()
2025-01-16 01:08:36 INFO        
2025-01-16 01:08:36 INFO        ENERGY ESTIMATION for SRAM(width=64, depth=512, datawidth=16, n_banks=1, n_rdwr_ports=2, has_power_gating=False, cluster_size=1, reduction_supported=True, multiple_buffering=1, min_utilization=0, allow_overbooking=False, meshX=1, meshY=1, technology=45nm, global_cycle_seconds=1e-09, version=0.4, action_latency_cycles=1, cycle_seconds=1e-09, n_instances=1).read(global_cycle_seconds=1e-09, action_latency_cycles=1)
2025-01-16 01:08:36 INFO        CactiSRAM estimated 3.3855200000000003e-12 with accuracy 80%. Messages:
2025-01-16 01:08:36 INFO        | Unused arguments (datawidth, n_rdwr_ports, has_power_gating, cluster_size, reduction_supported, multiple_buffering, min_utilization, allow_overbooking, meshX, meshY, global_cycle_seconds, version, action_latency_cycles, cycle_seconds, n_instances) provided for ['SRAM', 'sram'].__init__. Arguments used: (width, depth, n_banks, technology)
2025-01-16 01:08:36 INFO        | Unused arguments (global_cycle_seconds, action_latency_cycles) provided for ['SRAM', 'sram'].read. Arguments used: ()
2025-01-16 01:08:36 INFO        | Calling CACTI with cache_size=4096 n_rw_ports=1 block_size=8 tech_node_um=0.045 n_banks=1 tag_size=0 associativity=1
2025-01-16 01:08:36 INFO        | Calling CACTI with input path /usr/local/share/accelergy/estimation_plug_ins/accelergy-cacti-plug-in/cacti_inputs_outputs/tmpqzvx26jw
2025-01-16 01:08:36 INFO        | CACTI output will be written to /usr/local/share/accelergy/estimation_plug_ins/accelergy-cacti-plug-in/cacti_inputs_outputs/tmpcwo4j8zy
2025-01-16 01:08:36 INFO        | CACTI executable not found at /usr/local/share/accelergy/estimation_plug_ins/accelergy-cacti-plug-in/cacti/cacti
2025-01-16 01:08:36 INFO        | Calling: cd /usr/local/share/accelergy/estimation_plug_ins/accelergy-cacti-plug-in ; ./cacti -infile /usr/local/share/accelergy/estimation_plug_ins/accelergy-cacti-plug-in/cacti_inputs_outputs/tmpqzvx26jw >> /usr/local/share/accelergy/estimation_plug_ins/accelergy-cacti-plug-in/cacti_inputs_outputs/tmpcwo4j8zy 2>&1
2025-01-16 01:08:36 INFO        | Cache bandwidth: 8.0 bytes/cycle
2025-01-16 01:08:36 INFO        | Cache bandwidth: 81970572564.44936 bits/second
2025-01-16 01:08:36 INFO        
2025-01-16 01:08:36 INFO        ENERGY ESTIMATION for SRAM(width=64, depth=512, datawidth=16, n_banks=1, n_rdwr_ports=2, has_power_gating=False, cluster_size=1, reduction_supported=True, multiple_buffering=1, min_utilization=0, allow_overbooking=False, meshX=1, meshY=1, technology=45nm, global_cycle_seconds=1e-09, version=0.4, action_latency_cycles=1, cycle_seconds=1e-09, n_instances=1).leak(global_cycle_seconds=1e-09, action_latency_cycles=1)
2025-01-16 01:08:36 INFO        CactiSRAM estimated 1.4043200000000003e-16 with accuracy 80%. Messages:
2025-01-16 01:08:36 INFO        | Unused arguments (datawidth, n_rdwr_ports, has_power_gating, cluster_size, reduction_supported, multiple_buffering, min_utilization, allow_overbooking, meshX, meshY, global_cycle_seconds, version, action_latency_cycles, cycle_seconds, n_instances) provided for ['SRAM', 'sram'].__init__. Arguments used: (width, depth, n_banks, technology)
2025-01-16 01:08:36 INFO        | Unused arguments (action_latency_cycles) provided for ['SRAM', 'sram'].leak. Arguments used: (global_cycle_seconds)
2025-01-16 01:08:36 INFO        | Calling CACTI with cache_size=4096 n_rw_ports=1 block_size=8 tech_node_um=0.045 n_banks=1 tag_size=0 associativity=1
2025-01-16 01:08:36 INFO        | Calling CACTI with input path /usr/local/share/accelergy/estimation_plug_ins/accelergy-cacti-plug-in/cacti_inputs_outputs/tmpc2pamo01
2025-01-16 01:08:36 INFO        | CACTI output will be written to /usr/local/share/accelergy/estimation_plug_ins/accelergy-cacti-plug-in/cacti_inputs_outputs/tmpcd1nm8vq
2025-01-16 01:08:36 INFO        | CACTI executable not found at /usr/local/share/accelergy/estimation_plug_ins/accelergy-cacti-plug-in/cacti/cacti
2025-01-16 01:08:36 INFO        | Calling: cd /usr/local/share/accelergy/estimation_plug_ins/accelergy-cacti-plug-in ; ./cacti -infile /usr/local/share/accelergy/estimation_plug_ins/accelergy-cacti-plug-in/cacti_inputs_outputs/tmpc2pamo01 >> /usr/local/share/accelergy/estimation_plug_ins/accelergy-cacti-plug-in/cacti_inputs_outputs/tmpcd1nm8vq 2>&1
2025-01-16 01:08:36 INFO        | Cache bandwidth: 8.0 bytes/cycle
2025-01-16 01:08:36 INFO        | Cache bandwidth: 81970572564.44936 bits/second
2025-01-16 01:08:36 INFO        | Multiplying by n_instances 1
2025-01-16 01:08:36 INFO        
2025-01-16 01:08:36 INFO        ENERGY ESTIMATION for SRAM(width=64, depth=512, datawidth=16, n_banks=1, n_rdwr_ports=2, has_power_gating=False, cluster_size=1, reduction_supported=True, multiple_buffering=1, min_utilization=0, allow_overbooking=False, meshX=1, meshY=1, technology=45nm, global_cycle_seconds=1e-09, version=0.4, action_latency_cycles=1, cycle_seconds=1e-09, n_instances=1).update(global_cycle_seconds=1e-09, action_latency_cycles=1)
2025-01-16 01:08:36 INFO        CactiSRAM estimated 6.45356e-12 with accuracy 80%. Messages:
2025-01-16 01:08:36 INFO        | Unused arguments (datawidth, n_rdwr_ports, has_power_gating, cluster_size, reduction_supported, multiple_buffering, min_utilization, allow_overbooking, meshX, meshY, global_cycle_seconds, version, action_latency_cycles, cycle_seconds, n_instances) provided for ['SRAM', 'sram'].__init__. Arguments used: (width, depth, n_banks, technology)
2025-01-16 01:08:36 INFO        | Unused arguments (global_cycle_seconds, action_latency_cycles) provided for ['SRAM', 'sram'].update. Arguments used: ()
2025-01-16 01:08:36 INFO        | Calling CACTI with cache_size=4096 n_rw_ports=1 block_size=8 tech_node_um=0.045 n_banks=1 tag_size=0 associativity=1
2025-01-16 01:08:36 INFO        | Calling CACTI with input path /usr/local/share/accelergy/estimation_plug_ins/accelergy-cacti-plug-in/cacti_inputs_outputs/tmpjxsqwhna
2025-01-16 01:08:36 INFO        | CACTI output will be written to /usr/local/share/accelergy/estimation_plug_ins/accelergy-cacti-plug-in/cacti_inputs_outputs/tmpga1fcggf
2025-01-16 01:08:36 INFO        | CACTI executable not found at /usr/local/share/accelergy/estimation_plug_ins/accelergy-cacti-plug-in/cacti/cacti
2025-01-16 01:08:36 INFO        | Calling: cd /usr/local/share/accelergy/estimation_plug_ins/accelergy-cacti-plug-in ; ./cacti -infile /usr/local/share/accelergy/estimation_plug_ins/accelergy-cacti-plug-in/cacti_inputs_outputs/tmpjxsqwhna >> /usr/local/share/accelergy/estimation_plug_ins/accelergy-cacti-plug-in/cacti_inputs_outputs/tmpga1fcggf 2>&1
2025-01-16 01:08:36 INFO        | Cache bandwidth: 8.0 bytes/cycle
2025-01-16 01:08:36 INFO        | Cache bandwidth: 81970572564.44936 bits/second
2025-01-16 01:08:36 INFO        
2025-01-16 01:08:36 INFO        ENERGY ESTIMATION for SRAM(width=64, depth=512, datawidth=16, n_banks=1, n_rdwr_ports=2, has_power_gating=False, cluster_size=1, reduction_supported=True, multiple_buffering=1, min_utilization=0, allow_overbooking=False, meshX=1, meshY=1, technology=45nm, global_cycle_seconds=1e-09, version=0.4, action_latency_cycles=1, cycle_seconds=1e-09, n_instances=1).write(global_cycle_seconds=1e-09, action_latency_cycles=1)
2025-01-16 01:08:36 INFO        CactiSRAM estimated 6.45356e-12 with accuracy 80%. Messages:
2025-01-16 01:08:36 INFO        | Unused arguments (datawidth, n_rdwr_ports, has_power_gating, cluster_size, reduction_supported, multiple_buffering, min_utilization, allow_overbooking, meshX, meshY, global_cycle_seconds, version, action_latency_cycles, cycle_seconds, n_instances) provided for ['SRAM', 'sram'].__init__. Arguments used: (width, depth, n_banks, technology)
2025-01-16 01:08:36 INFO        | Unused arguments (global_cycle_seconds, action_latency_cycles) provided for ['SRAM', 'sram'].write. Arguments used: ()
2025-01-16 01:08:36 INFO        | Calling CACTI with cache_size=4096 n_rw_ports=1 block_size=8 tech_node_um=0.045 n_banks=1 tag_size=0 associativity=1
2025-01-16 01:08:36 INFO        | Calling CACTI with input path /usr/local/share/accelergy/estimation_plug_ins/accelergy-cacti-plug-in/cacti_inputs_outputs/tmp_lck4px3
2025-01-16 01:08:36 INFO        | CACTI output will be written to /usr/local/share/accelergy/estimation_plug_ins/accelergy-cacti-plug-in/cacti_inputs_outputs/tmpm5hhz4xi
2025-01-16 01:08:36 INFO        | CACTI executable not found at /usr/local/share/accelergy/estimation_plug_ins/accelergy-cacti-plug-in/cacti/cacti
2025-01-16 01:08:36 INFO        | Calling: cd /usr/local/share/accelergy/estimation_plug_ins/accelergy-cacti-plug-in ; ./cacti -infile /usr/local/share/accelergy/estimation_plug_ins/accelergy-cacti-plug-in/cacti_inputs_outputs/tmp_lck4px3 >> /usr/local/share/accelergy/estimation_plug_ins/accelergy-cacti-plug-in/cacti_inputs_outputs/tmpm5hhz4xi 2>&1
2025-01-16 01:08:36 INFO        | Cache bandwidth: 8.0 bytes/cycle
2025-01-16 01:08:36 INFO        | Cache bandwidth: 81970572564.44936 bits/second
2025-01-16 01:08:36 INFO        
2025-01-16 01:08:36 INFO        ENERGY ESTIMATION for regfile(technology=45nm, latency=1e-09, depth=18, width=16, global_cycle_seconds=1e-09, action_latency_cycles=1, cycle_seconds=1e-09, n_instances=1).read(address_delta=1, data_delta=1, global_cycle_seconds=1e-09, action_latency_cycles=1, cycle_seconds=1e-09, technology=45nm, n_instances=1)
2025-01-16 01:08:36 INFO        Aladdin_table estimated 0.226884375p with accuracy 70%. 
2025-01-16 01:08:36 INFO        
2025-01-16 01:08:36 INFO        ENERGY ESTIMATION for regfile(technology=45nm, latency=1e-09, depth=18, width=16, global_cycle_seconds=1e-09, action_latency_cycles=1, cycle_seconds=1e-09, n_instances=1).write(address_delta=1, data_delta=1, global_cycle_seconds=1e-09, action_latency_cycles=1, cycle_seconds=1e-09, technology=45nm, n_instances=1)
2025-01-16 01:08:36 INFO        Aladdin_table estimated 0.226884375p with accuracy 70%. 
2025-01-16 01:08:36 INFO        
2025-01-16 01:08:36 INFO        ENERGY ESTIMATION for regfile(technology=45nm, latency=1e-09, depth=18, width=16, global_cycle_seconds=1e-09, action_latency_cycles=1, cycle_seconds=1e-09, n_instances=1).write(address_delta=1, data_delta=1, global_cycle_seconds=1e-09, action_latency_cycles=1, cycle_seconds=1e-09, technology=45nm, n_instances=1)
2025-01-16 01:08:36 INFO        Aladdin_table estimated 0.226884375p with accuracy 70%. 
2025-01-16 01:08:36 INFO        
2025-01-16 01:08:36 INFO        ENERGY ESTIMATION for regfile(technology=45nm, latency=1e-09, depth=18, width=16, global_cycle_seconds=1e-09, action_latency_cycles=1, cycle_seconds=1e-09, n_instances=1).leak(global_cycle_seconds=1e-09, action_latency_cycles=1, cycle_seconds=1e-09, technology=45nm, n_instances=1)
2025-01-16 01:08:36 INFO        Aladdin_table estimated 0.0011905937499999998p with accuracy 70%. Messages:
2025-01-16 01:08:36 INFO        | Multiplying by n_instances 1
2025-01-16 01:08:36 INFO        
2025-01-16 01:08:36 INFO        ENERGY ESTIMATION for reg(technology=45nm, latency=1e-09, width=16, global_cycle_seconds=1e-09, action_latency_cycles=1, cycle_seconds=1e-09, n_instances=1).read(global_cycle_seconds=1e-09, action_latency_cycles=1, cycle_seconds=1e-09, technology=45nm, n_instances=1)
2025-01-16 01:08:36 INFO        Aladdin_table estimated 0.009p with accuracy 70%. 
2025-01-16 01:08:36 INFO        
2025-01-16 01:08:36 INFO        ENERGY ESTIMATION for reg(technology=45nm, latency=1e-09, width=16, global_cycle_seconds=1e-09, action_latency_cycles=1, cycle_seconds=1e-09, n_instances=1).write(global_cycle_seconds=1e-09, action_latency_cycles=1, cycle_seconds=1e-09, technology=45nm, n_instances=1)
2025-01-16 01:08:36 INFO        Aladdin_table estimated 0.009p with accuracy 70%. 
2025-01-16 01:08:36 INFO        
2025-01-16 01:08:36 INFO        ENERGY ESTIMATION for reg(technology=45nm, latency=1e-09, width=16, global_cycle_seconds=1e-09, action_latency_cycles=1, cycle_seconds=1e-09, n_instances=1).update(global_cycle_seconds=1e-09, action_latency_cycles=1, cycle_seconds=1e-09, technology=45nm, n_instances=1)
2025-01-16 01:08:36 INFO        Aladdin_table estimated 0.009p with accuracy 70%. 
2025-01-16 01:08:36 INFO        
2025-01-16 01:08:36 INFO        ENERGY ESTIMATION for reg(technology=45nm, latency=1e-09, width=16, global_cycle_seconds=1e-09, action_latency_cycles=1, cycle_seconds=1e-09, n_instances=1).leak(global_cycle_seconds=1e-09, action_latency_cycles=1, cycle_seconds=1e-09, technology=45nm, n_instances=1)
2025-01-16 01:08:36 INFO        Aladdin_table estimated 7e-05p with accuracy 70%. Messages:
2025-01-16 01:08:36 INFO        | Multiplying by n_instances 1
2025-01-16 01:08:36 INFO        
2025-01-16 01:08:36 INFO        ENERGY ESTIMATION for reg(technology=45nm, latency=1e-09, width=16, global_cycle_seconds=1e-09, action_latency_cycles=1, cycle_seconds=1e-09, n_instances=1).read(global_cycle_seconds=1e-09, action_latency_cycles=1, cycle_seconds=1e-09, technology=45nm, n_instances=1)
2025-01-16 01:08:36 INFO        Aladdin_table estimated 0.009p with accuracy 70%. 
2025-01-16 01:08:36 INFO        
2025-01-16 01:08:36 INFO        ENERGY ESTIMATION for reg(technology=45nm, latency=1e-09, width=16, global_cycle_seconds=1e-09, action_latency_cycles=1, cycle_seconds=1e-09, n_instances=1).write(global_cycle_seconds=1e-09, action_latency_cycles=1, cycle_seconds=1e-09, technology=45nm, n_instances=1)
2025-01-16 01:08:36 INFO        Aladdin_table estimated 0.009p with accuracy 70%. 
2025-01-16 01:08:36 INFO        
2025-01-16 01:08:36 INFO        ENERGY ESTIMATION for reg(technology=45nm, latency=1e-09, width=16, global_cycle_seconds=1e-09, action_latency_cycles=1, cycle_seconds=1e-09, n_instances=1).update(global_cycle_seconds=1e-09, action_latency_cycles=1, cycle_seconds=1e-09, technology=45nm, n_instances=1)
2025-01-16 01:08:36 INFO        Aladdin_table estimated 0.009p with accuracy 70%. 
2025-01-16 01:08:36 INFO        
2025-01-16 01:08:36 INFO        ENERGY ESTIMATION for reg(technology=45nm, latency=1e-09, width=16, global_cycle_seconds=1e-09, action_latency_cycles=1, cycle_seconds=1e-09, n_instances=1).leak(global_cycle_seconds=1e-09, action_latency_cycles=1, cycle_seconds=1e-09, technology=45nm, n_instances=1)
2025-01-16 01:08:36 INFO        Aladdin_table estimated 7e-05p with accuracy 70%. Messages:
2025-01-16 01:08:36 INFO        | Multiplying by n_instances 1
2025-01-16 01:08:36 INFO        
2025-01-16 01:08:36 INFO        ENERGY ESTIMATION for reg(technology=45nm, latency=1e-09, width=16, global_cycle_seconds=1e-09, action_latency_cycles=1, cycle_seconds=1e-09, n_instances=1).read(global_cycle_seconds=1e-09, action_latency_cycles=1, cycle_seconds=1e-09, technology=45nm, n_instances=1)
2025-01-16 01:08:36 INFO        Aladdin_table estimated 0.009p with accuracy 70%. 
2025-01-16 01:08:36 INFO        
2025-01-16 01:08:36 INFO        ENERGY ESTIMATION for reg(technology=45nm, latency=1e-09, width=16, global_cycle_seconds=1e-09, action_latency_cycles=1, cycle_seconds=1e-09, n_instances=1).write(global_cycle_seconds=1e-09, action_latency_cycles=1, cycle_seconds=1e-09, technology=45nm, n_instances=1)
2025-01-16 01:08:36 INFO        Aladdin_table estimated 0.009p with accuracy 70%. 
2025-01-16 01:08:36 INFO        
2025-01-16 01:08:36 INFO        ENERGY ESTIMATION for reg(technology=45nm, latency=1e-09, width=16, global_cycle_seconds=1e-09, action_latency_cycles=1, cycle_seconds=1e-09, n_instances=1).update(global_cycle_seconds=1e-09, action_latency_cycles=1, cycle_seconds=1e-09, technology=45nm, n_instances=1)
2025-01-16 01:08:36 INFO        Aladdin_table estimated 0.009p with accuracy 70%. 
2025-01-16 01:08:36 INFO        
2025-01-16 01:08:36 INFO        ENERGY ESTIMATION for reg(technology=45nm, latency=1e-09, width=16, global_cycle_seconds=1e-09, action_latency_cycles=1, cycle_seconds=1e-09, n_instances=1).leak(global_cycle_seconds=1e-09, action_latency_cycles=1, cycle_seconds=1e-09, technology=45nm, n_instances=1)
2025-01-16 01:08:36 INFO        Aladdin_table estimated 7e-05p with accuracy 70%. Messages:
2025-01-16 01:08:36 INFO        | Multiplying by n_instances 1
2025-01-16 01:08:36 INFO        
2025-01-16 01:08:36 INFO        ENERGY ESTIMATION for intmac(technology=45nm, latency=1e-09, width=16, num_pipeline_stages=2, global_cycle_seconds=1e-09, action_latency_cycles=1, cycle_seconds=1e-09, n_instances=1).read(address_delta=1, data_delta=1, global_cycle_seconds=1e-09, action_latency_cycles=1, cycle_seconds=1e-09, technology=45nm, n_instances=1)
2025-01-16 01:08:36 INFO        Aladdin_table estimated 3.275p with accuracy 70%. 
2025-01-16 01:08:36 WARNING     No action counts are specified as yaml input
2025-01-16 01:08:36 INFO        
2025-01-16 01:08:36 INFO        AREA ESTIMATION for DRAM(width=64, datawidth=16, depth=999999, has_power_gating=False, n_banks=2, cluster_size=1, reduction_supported=True, multiple_buffering=1, min_utilization=0, allow_overbooking=False, meshX=1, meshY=1, technology=45nm, global_cycle_seconds=1e-09, version=0.4, action_latency_cycles=1, cycle_seconds=1e-09, n_instances=1)
2025-01-16 01:08:36 INFO        CactiDRAM estimated 0 with accuracy 80%. Messages:
2025-01-16 01:08:36 INFO        | Unused arguments (datawidth, depth, has_power_gating, n_banks, cluster_size, reduction_supported, multiple_buffering, min_utilization, allow_overbooking, meshX, meshY, technology, global_cycle_seconds, version, action_latency_cycles, cycle_seconds, n_instances) provided for ['DRAM', 'dram'].__init__. Arguments used: (width)
2025-01-16 01:08:36 INFO        | Multiplying by n_instances 1
2025-01-16 01:08:36 INFO        
2025-01-16 01:08:36 INFO        AREA ESTIMATION for DRAM(width=64, datawidth=16, depth=999999, has_power_gating=False, n_banks=2, cluster_size=1, reduction_supported=True, multiple_buffering=1, min_utilization=0, allow_overbooking=False, meshX=1, meshY=1, technology=45nm, global_cycle_seconds=1e-09, version=0.4, action_latency_cycles=1, cycle_seconds=1e-09, n_instances=1)
2025-01-16 01:08:36 INFO        CactiDRAM estimated 0 with accuracy 80%. Messages:
2025-01-16 01:08:36 INFO        | Unused arguments (datawidth, depth, has_power_gating, n_banks, cluster_size, reduction_supported, multiple_buffering, min_utilization, allow_overbooking, meshX, meshY, technology, global_cycle_seconds, version, action_latency_cycles, cycle_seconds, n_instances) provided for ['DRAM', 'dram'].__init__. Arguments used: (width)
2025-01-16 01:08:36 INFO        | Multiplying by n_instances 1
2025-01-16 01:08:36 INFO        
2025-01-16 01:08:36 INFO        AREA ESTIMATION for DRAM(width=64, datawidth=16, depth=999999, has_power_gating=False, n_banks=2, cluster_size=1, reduction_supported=True, multiple_buffering=1, min_utilization=0, allow_overbooking=False, meshX=1, meshY=1, technology=45nm, global_cycle_seconds=1e-09, version=0.4, action_latency_cycles=1, cycle_seconds=1e-09, n_instances=1)
2025-01-16 01:08:36 INFO        CactiDRAM estimated 0 with accuracy 80%. Messages:
2025-01-16 01:08:36 INFO        | Unused arguments (datawidth, depth, has_power_gating, n_banks, cluster_size, reduction_supported, multiple_buffering, min_utilization, allow_overbooking, meshX, meshY, technology, global_cycle_seconds, version, action_latency_cycles, cycle_seconds, n_instances) provided for ['DRAM', 'dram'].__init__. Arguments used: (width)
2025-01-16 01:08:36 INFO        | Multiplying by n_instances 1
2025-01-16 01:08:36 INFO        
2025-01-16 01:08:36 INFO        AREA ESTIMATION for SRAM(width=64, depth=512, datawidth=16, n_banks=1, n_rdwr_ports=2, has_power_gating=False, cluster_size=1, reduction_supported=True, multiple_buffering=1, min_utilization=0, allow_overbooking=False, meshX=1, meshY=1, technology=45nm, global_cycle_seconds=1e-09, version=0.4, action_latency_cycles=1, cycle_seconds=1e-09, n_instances=1)
2025-01-16 01:08:37 INFO        CactiSRAM estimated 1.35029e-08 with accuracy 80%. Messages:
2025-01-16 01:08:37 INFO        | Unused arguments (datawidth, n_rdwr_ports, has_power_gating, cluster_size, reduction_supported, multiple_buffering, min_utilization, allow_overbooking, meshX, meshY, global_cycle_seconds, version, action_latency_cycles, cycle_seconds, n_instances) provided for ['SRAM', 'sram'].__init__. Arguments used: (width, depth, n_banks, technology)
2025-01-16 01:08:37 INFO        | Calling CACTI with cache_size=4096 n_rw_ports=1 block_size=8 tech_node_um=0.045 n_banks=1 tag_size=0 associativity=1
2025-01-16 01:08:37 INFO        | Calling CACTI with input path /usr/local/share/accelergy/estimation_plug_ins/accelergy-cacti-plug-in/cacti_inputs_outputs/tmppv9g2p7e
2025-01-16 01:08:37 INFO        | CACTI output will be written to /usr/local/share/accelergy/estimation_plug_ins/accelergy-cacti-plug-in/cacti_inputs_outputs/tmpu9_h69jl
2025-01-16 01:08:37 INFO        | CACTI executable not found at /usr/local/share/accelergy/estimation_plug_ins/accelergy-cacti-plug-in/cacti/cacti
2025-01-16 01:08:37 INFO        | Calling: cd /usr/local/share/accelergy/estimation_plug_ins/accelergy-cacti-plug-in ; ./cacti -infile /usr/local/share/accelergy/estimation_plug_ins/accelergy-cacti-plug-in/cacti_inputs_outputs/tmppv9g2p7e >> /usr/local/share/accelergy/estimation_plug_ins/accelergy-cacti-plug-in/cacti_inputs_outputs/tmpu9_h69jl 2>&1
2025-01-16 01:08:37 INFO        | Cache bandwidth: 8.0 bytes/cycle
2025-01-16 01:08:37 INFO        | Cache bandwidth: 81970572564.44936 bits/second
2025-01-16 01:08:37 INFO        | Multiplying by n_instances 1
2025-01-16 01:08:37 INFO        
2025-01-16 01:08:37 INFO        AREA ESTIMATION for regfile(technology=45nm, latency=1e-09, depth=18, width=16, global_cycle_seconds=1e-09, action_latency_cycles=1, cycle_seconds=1e-09, n_instances=1)
2025-01-16 01:08:37 INFO        Aladdin_table estimated 292.555u^2 with accuracy 70%. Messages:
2025-01-16 01:08:37 INFO        | Multiplying by n_instances 1
2025-01-16 01:08:37 INFO        
2025-01-16 01:08:37 INFO        AREA ESTIMATION for reg(technology=45nm, latency=1e-09, width=16, global_cycle_seconds=1e-09, action_latency_cycles=1, cycle_seconds=1e-09, n_instances=1)
2025-01-16 01:08:37 INFO        Aladdin_table estimated 5.98u^2 with accuracy 70%. Messages:
2025-01-16 01:08:37 INFO        | Multiplying by n_instances 1
2025-01-16 01:08:37 INFO        
2025-01-16 01:08:37 INFO        AREA ESTIMATION for reg(technology=45nm, latency=1e-09, width=16, global_cycle_seconds=1e-09, action_latency_cycles=1, cycle_seconds=1e-09, n_instances=1)
2025-01-16 01:08:37 INFO        Aladdin_table estimated 5.98u^2 with accuracy 70%. Messages:
2025-01-16 01:08:37 INFO        | Multiplying by n_instances 1
2025-01-16 01:08:37 INFO        
2025-01-16 01:08:37 INFO        AREA ESTIMATION for reg(technology=45nm, latency=1e-09, width=16, global_cycle_seconds=1e-09, action_latency_cycles=1, cycle_seconds=1e-09, n_instances=1)
2025-01-16 01:08:37 INFO        Aladdin_table estimated 5.98u^2 with accuracy 70%. Messages:
2025-01-16 01:08:37 INFO        | Multiplying by n_instances 1
2025-01-16 01:08:37 INFO        
2025-01-16 01:08:37 INFO        AREA ESTIMATION for intmac(technology=45nm, latency=1e-09, width=16, num_pipeline_stages=2, global_cycle_seconds=1e-09, action_latency_cycles=1, cycle_seconds=1e-09, n_instances=1)
2025-01-16 01:08:37 INFO        Aladdin_table estimated 1726.5u^2 with accuracy 70%. Messages:
2025-01-16 01:08:37 INFO        | Multiplying by n_instances 1
2025-01-16 01:08:37 INFO        flattened architecture is saved to:
2025-01-16 01:08:37 INFO        ./timeloop-mapper.flattened_architecture.yaml
2025-01-16 01:08:37 INFO        energy reference table is saved to:
2025-01-16 01:08:37 INFO        ./timeloop-mapper.ERT.yaml
2025-01-16 01:08:37 INFO        energy reference table summary is saved to:
2025-01-16 01:08:37 INFO        ./timeloop-mapper.ERT_summary.yaml
2025-01-16 01:08:37 WARNING     no runtime energy estimations are generated... not generating energy_estimation.yaml
2025-01-16 01:08:37 INFO        area reference table is saved to:
2025-01-16 01:08:37 INFO        ./timeloop-mapper.ART.yaml
2025-01-16 01:08:37 INFO        area reference table summary is saved to:
2025-01-16 01:08:37 INFO        ./timeloop-mapper.ART_summary.yaml
